
> vite-react-typescript-starter@0.0.0 dev
> vite

Port 5173 is in use, trying another one...
Port 5174 is in use, trying another one...

  VITE v5.4.8  ready in 296 ms

  ➜  Local:   http://localhost:5175/
  ➜  Network: use --host to expose
Error:   Failed to scan for dependencies from entries:
  /home/code/therace-app/index.html

  [31m✘ [41;31m[[41;97mERROR[41;31m][0m [1mThe symbol "confirmed" has already been declared[0m

    src/admin/JsonImportPage.tsx:132:10:
[37m      132 │     const [32mconfirmed[37m = await confirm({
          ╵           [32m~~~~~~~~~[0m

  The symbol "confirmed" was originally declared here:

    src/admin/JsonImportPage.tsx:128:10:
[37m      128 │     const [32mconfirmed[37m = await confirm({
          ╵           [32m~~~~~~~~~[0m


[31m✘ [41;31m[[41;97mERROR[41;31m][0m [1mThe symbol "confirmed" has already been declared[0m

    src/admin/JsonImportPage.tsx:136:10:
[37m      136 │     const [32mconfirmed[37m = await confirm({
          ╵           [32m~~~~~~~~~[0m

  The symbol "confirmed" was originally declared here:

    src/admin/JsonImportPage.tsx:128:10:
[37m      128 │     const [32mconfirmed[37m = await confirm({
          ╵           [32m~~~~~~~~~[0m


    at failureErrorWithLog (/home/code/therace-app/node_modules/esbuild/lib/main.js:1472:15)
    at /home/code/therace-app/node_modules/esbuild/lib/main.js:945:25
    at runOnEndCallbacks (/home/code/therace-app/node_modules/esbuild/lib/main.js:1315:45)
    at buildResponseToResult (/home/code/therace-app/node_modules/esbuild/lib/main.js:943:7)
    at /home/code/therace-app/node_modules/esbuild/lib/main.js:955:9
    at new Promise (<anonymous>)
    at requestCallbacks.on-end (/home/code/therace-app/node_modules/esbuild/lib/main.js:954:54)
    at handleRequest (/home/code/therace-app/node_modules/esbuild/lib/main.js:647:17)
    at handleIncomingPacket (/home/code/therace-app/node_modules/esbuild/lib/main.js:672:7)
    at Socket.readFromStdout (/home/code/therace-app/node_modules/esbuild/lib/main.js:600:7)
